2025-12-04 18:27:52 [INFO] [GridWatcher] Grid-Watcher initialized successfully
2025-12-04 18:27:52 [INFO] [GridWatcher] Grid-Watcher started - Monitoring SCADA network
2025-12-04 18:28:14 [INFO] [GridWatcher] Stopping Grid-Watcher...
2025-12-04 18:43:04 [INFO] [GridWatcher] Grid-Watcher initialized successfully
2025-12-04 18:43:04 [INFO] [GridWatcher] Grid-Watcher started - Monitoring SCADA network
2025-12-04 18:43:08 [INFO] [GridWatcher] Stopping Grid-Watcher...
2025-12-04 18:50:18 [INFO] [GridWatcher] Grid-Watcher initialized successfully
2025-12-04 18:50:18 [INFO] [GridWatcher] Grid-Watcher started - Monitoring SCADA network
2025-12-04 18:50:45 [INFO] [GridWatcher] Stopping Grid-Watcher...
2025-12-04 19:01:01 [INFO] [GridWatcher] Grid-Watcher initialized successfully
2025-12-04 19:01:01 [INFO] [GridWatcher] Grid-Watcher started - Monitoring SCADA network
2025-12-04 19:01:19 [INFO] [GridWatcher] Stopping Grid-Watcher...
2025-12-04 19:38:00 [INFO] [GridWatcher] Grid-Watcher initialized successfully
2025-12-04 19:38:00 [INFO] [GridWatcher] Grid-Watcher started - Monitoring SCADA network
2025-12-04 19:38:09 [INFO] [GridWatcher] Stopping Grid-Watcher...
2025-12-04 19:45:59 [INFO] [GridWatcher] Grid-Watcher initialized successfully
2025-12-04 19:45:59 [INFO] [GridWatcher] Grid-Watcher started - Monitoring SCADA network
2025-12-04 19:46:23 [INFO] [GridWatcher] Stopping Grid-Watcher...
2025-12-04 19:54:33 [INFO] [GridWatcher] Grid-Watcher initialized successfully
2025-12-04 19:54:33 [INFO] [GridWatcher] Grid-Watcher started - Monitoring SCADA network
2025-12-04 19:54:48 [INFO] [GridWatcher] Stopping Grid-Watcher...
2025-12-04 20:06:13 [INFO] [GridWatcher] Grid-Watcher initialized successfully
2025-12-04 20:06:13 [INFO] [GridWatcher] Grid-Watcher started - Monitoring SCADA network
2025-12-04 20:07:25 [INFO] [GridWatcher] Grid-Watcher initialized successfully
2025-12-04 20:07:25 [INFO] [GridWatcher] Grid-Watcher started - Monitoring SCADA network
2025-12-04 20:07:55 [INFO] [Monitor] Stats: 0 pkts (0.0 pps) | 0 threats (0.00/min) | Latency: 0.00 μs | 0 active blocks
2025-12-04 20:08:25 [INFO] [Cleanup] Periodic cleanup completed
2025-12-04 20:08:25 [INFO] [Monitor] Stats: 0 pkts (0.0 pps) | 0 threats (0.00/min) | Latency: 0.00 μs | 0 active blocks
2025-12-04 20:08:55 [INFO] [Monitor] Stats: 0 pkts (0.0 pps) | 0 threats (0.00/min) | Latency: 0.00 μs | 0 active blocks
2025-12-04 20:09:25 [INFO] [Cleanup] Periodic cleanup completed
2025-12-04 20:09:25 [INFO] [Monitor] Stats: 0 pkts (0.0 pps) | 0 threats (0.00/min) | Latency: 0.00 μs | 0 active blocks
2025-12-04 20:22:46 [INFO] [GridWatcher] Grid-Watcher initialized successfully
2025-12-04 20:22:46 [INFO] [GridWatcher] Grid-Watcher started - Monitoring SCADA network
2025-12-04 20:23:50 [INFO] [GridWatcher] Grid-Watcher initialized successfully
2025-12-04 20:23:50 [INFO] [GridWatcher] Grid-Watcher started - Monitoring SCADA network
2025-12-04 20:24:20 [INFO] [Monitor] Stats: 0 pkts (0.0 pps) | 0 threats (0.00/min) | Latency: 0.00 μs | 0 active blocks
2025-12-04 20:24:50 [INFO] [Cleanup] Periodic cleanup completed
2025-12-04 20:24:50 [INFO] [Monitor] Stats: 0 pkts (0.0 pps) | 0 threats (0.00/min) | Latency: 0.00 μs | 0 active blocks
2025-12-04 20:25:10 [INFO] [GridWatcher] Stopping Grid-Watcher...
2025-12-04 20:28:26 [INFO] [GridWatcher] Grid-Watcher initialized successfully
2025-12-04 20:28:26 [INFO] [GridWatcher] Grid-Watcher started - Monitoring SCADA network
2025-12-04 20:28:56 [INFO] [Monitor] Stats: 0 pkts (0.0 pps) | 0 threats (0.00/min) | Latency: 0.00 μs | 0 active blocks
2025-12-04 20:29:26 [INFO] [Cleanup] Periodic cleanup completed
2025-12-04 20:29:26 [INFO] [Monitor] Stats: 0 pkts (0.0 pps) | 0 threats (0.00/min) | Latency: 0.00 μs | 0 active blocks
2025-12-04 20:30:28 [INFO] [GridWatcher] Grid-Watcher initialized successfully
2025-12-04 20:30:28 [INFO] [GridWatcher] Grid-Watcher started - Monitoring SCADA network
2025-12-04 20:30:58 [INFO] [Monitor] Stats: 0 pkts (0.0 pps) | 0 threats (0.00/min) | Latency: 0.00 μs | 0 active blocks
2025-12-04 20:31:28 [INFO] [Cleanup] Periodic cleanup completed
2025-12-04 20:31:28 [INFO] [Monitor] Stats: 0 pkts (0.0 pps) | 0 threats (0.00/min) | Latency: 0.00 μs | 0 active blocks
2025-12-04 20:31:58 [INFO] [Monitor] Stats: 0 pkts (0.0 pps) | 0 threats (0.00/min) | Latency: 0.00 μs | 0 active blocks
2025-12-04 20:32:28 [INFO] [Cleanup] Periodic cleanup completed
2025-12-04 20:32:28 [INFO] [Monitor] Stats: 0 pkts (0.0 pps) | 0 threats (0.00/min) | Latency: 0.00 μs | 0 active blocks
2025-12-04 20:32:58 [INFO] [Monitor] Stats: 0 pkts (0.0 pps) | 0 threats (0.00/min) | Latency: 0.00 μs | 0 active blocks
2025-12-04 20:33:28 [INFO] [Cleanup] Periodic cleanup completed
2025-12-04 20:33:28 [INFO] [Monitor] Stats: 0 pkts (0.0 pps) | 0 threats (0.00/min) | Latency: 0.00 μs | 0 active blocks
2025-12-04 20:33:58 [INFO] [Monitor] Stats: 0 pkts (0.0 pps) | 0 threats (0.00/min) | Latency: 0.00 μs | 0 active blocks
2025-12-04 20:34:28 [INFO] [Cleanup] Periodic cleanup completed
2025-12-04 20:34:28 [INFO] [Monitor] Stats: 0 pkts (0.0 pps) | 0 threats (0.00/min) | Latency: 0.00 μs | 0 active blocks
2025-12-04 20:34:58 [INFO] [Monitor] Stats: 0 pkts (0.0 pps) | 0 threats (0.00/min) | Latency: 0.00 μs | 0 active blocks
2025-12-04 20:35:28 [INFO] [Cleanup] Periodic cleanup completed
2025-12-04 20:35:28 [INFO] [Monitor] Stats: 0 pkts (0.0 pps) | 0 threats (0.00/min) | Latency: 0.00 μs | 0 active blocks
2025-12-04 20:35:58 [INFO] [Monitor] Stats: 0 pkts (0.0 pps) | 0 threats (0.00/min) | Latency: 0.00 μs | 0 active blocks
2025-12-04 20:36:28 [INFO] [Cleanup] Periodic cleanup completed
2025-12-04 20:36:28 [INFO] [Monitor] Stats: 0 pkts (0.0 pps) | 0 threats (0.00/min) | Latency: 0.00 μs | 0 active blocks
2025-12-04 20:36:58 [INFO] [Monitor] Stats: 0 pkts (0.0 pps) | 0 threats (0.00/min) | Latency: 0.00 μs | 0 active blocks
2025-12-04 20:37:28 [INFO] [Cleanup] Periodic cleanup completed
2025-12-04 20:37:28 [INFO] [Monitor] Stats: 0 pkts (0.0 pps) | 0 threats (0.00/min) | Latency: 0.00 μs | 0 active blocks
2025-12-04 20:37:58 [INFO] [Monitor] Stats: 0 pkts (0.0 pps) | 0 threats (0.00/min) | Latency: 0.00 μs | 0 active blocks
2025-12-04 20:38:28 [INFO] [Cleanup] Periodic cleanup completed
2025-12-04 20:38:28 [INFO] [Monitor] Stats: 0 pkts (0.0 pps) | 0 threats (0.00/min) | Latency: 0.00 μs | 0 active blocks
2025-12-04 20:38:58 [INFO] [Monitor] Stats: 0 pkts (0.0 pps) | 0 threats (0.00/min) | Latency: 0.00 μs | 0 active blocks
2025-12-04 20:39:28 [INFO] [Cleanup] Periodic cleanup completed
2025-12-04 20:39:28 [INFO] [Monitor] Stats: 0 pkts (0.0 pps) | 0 threats (0.00/min) | Latency: 0.00 μs | 0 active blocks
2025-12-04 20:39:58 [INFO] [Monitor] Stats: 0 pkts (0.0 pps) | 0 threats (0.00/min) | Latency: 0.00 μs | 0 active blocks
2025-12-04 20:40:28 [INFO] [Cleanup] Periodic cleanup completed
2025-12-04 20:40:28 [INFO] [Monitor] Stats: 0 pkts (0.0 pps) | 0 threats (0.00/min) | Latency: 0.00 μs | 0 active blocks
2025-12-04 20:40:58 [INFO] [Monitor] Stats: 0 pkts (0.0 pps) | 0 threats (0.00/min) | Latency: 0.00 μs | 0 active blocks
2025-12-04 20:41:28 [INFO] [Cleanup] Periodic cleanup completed
2025-12-04 20:41:28 [INFO] [Monitor] Stats: 0 pkts (0.0 pps) | 0 threats (0.00/min) | Latency: 0.00 μs | 0 active blocks
2025-12-04 20:42:19 [INFO] [GridWatcher] Grid-Watcher initialized successfully
2025-12-04 20:42:19 [INFO] [GridWatcher] Grid-Watcher started - Monitoring SCADA network
2025-12-04 20:42:49 [INFO] [Monitor] Stats: 0 pkts (0.0 pps) | 0 threats (0.00/min) | Latency: 0.00 μs | 0 active blocks
2025-12-04 20:50:29 [INFO] [GridWatcher] Grid-Watcher initialized successfully
2025-12-04 20:50:29 [INFO] [GridWatcher] Grid-Watcher started - Monitoring SCADA network
2025-12-04 20:50:59 [INFO] [Monitor] Stats: 0 pkts (0.0 pps) | 0 threats (0.00/min) | Latency: 0.00 μs | 0 active blocks
2025-12-04 20:51:29 [INFO] [Cleanup] Periodic cleanup completed
2025-12-04 20:51:29 [INFO] [Monitor] Stats: 0 pkts (0.0 pps) | 0 threats (0.00/min) | Latency: 0.00 μs | 0 active blocks
2025-12-04 20:51:59 [INFO] [Monitor] Stats: 0 pkts (0.0 pps) | 0 threats (0.00/min) | Latency: 0.00 μs | 0 active blocks
2025-12-04 20:52:16 [INFO] [GridWatcher] Stopping Grid-Watcher...
2025-12-04 20:52:50 [INFO] [GridWatcher] Grid-Watcher initialized successfully
2025-12-04 20:52:50 [INFO] [GridWatcher] Grid-Watcher started - Monitoring SCADA network
2025-12-04 20:53:17 [INFO] [GridWatcher] Stopping Grid-Watcher...
2025-12-04 20:54:04 [INFO] [GridWatcher] Grid-Watcher initialized successfully
2025-12-04 20:54:04 [INFO] [GridWatcher] Grid-Watcher started - Monitoring SCADA network
2025-12-04 20:54:34 [INFO] [Monitor] Stats: 0 pkts (0.0 pps) | 0 threats (0.00/min) | Latency: 0.00 μs | 0 active blocks
2025-12-04 20:55:04 [INFO] [Cleanup] Periodic cleanup completed
2025-12-04 20:55:04 [INFO] [Monitor] Stats: 0 pkts (0.0 pps) | 0 threats (0.00/min) | Latency: 0.00 μs | 0 active blocks
2025-12-04 20:55:34 [INFO] [Monitor] Stats: 0 pkts (0.0 pps) | 0 threats (0.00/min) | Latency: 0.00 μs | 0 active blocks
2025-12-04 20:56:04 [INFO] [Cleanup] Periodic cleanup completed
2025-12-04 20:56:04 [INFO] [Monitor] Stats: 0 pkts (0.0 pps) | 0 threats (0.00/min) | Latency: 0.00 μs | 0 active blocks
2025-12-04 20:56:34 [INFO] [Monitor] Stats: 0 pkts (0.0 pps) | 0 threats (0.00/min) | Latency: 0.00 μs | 0 active blocks
2025-12-04 20:57:04 [INFO] [Cleanup] Periodic cleanup completed
2025-12-04 20:57:04 [INFO] [Monitor] Stats: 0 pkts (0.0 pps) | 0 threats (0.00/min) | Latency: 0.00 μs | 0 active blocks
2025-12-04 20:57:34 [INFO] [Monitor] Stats: 0 pkts (0.0 pps) | 0 threats (0.00/min) | Latency: 0.00 μs | 0 active blocks
2025-12-04 20:58:04 [INFO] [Cleanup] Periodic cleanup completed
2025-12-04 20:58:04 [INFO] [Monitor] Stats: 0 pkts (0.0 pps) | 0 threats (0.00/min) | Latency: 0.00 μs | 0 active blocks
2025-12-04 20:58:34 [INFO] [Monitor] Stats: 0 pkts (0.0 pps) | 0 threats (0.00/min) | Latency: 0.00 μs | 0 active blocks
2025-12-04 20:59:04 [INFO] [Cleanup] Periodic cleanup completed
2025-12-04 20:59:04 [INFO] [Monitor] Stats: 0 pkts (0.0 pps) | 0 threats (0.00/min) | Latency: 0.00 μs | 0 active blocks
2025-12-04 20:59:34 [INFO] [Monitor] Stats: 0 pkts (0.0 pps) | 0 threats (0.00/min) | Latency: 0.00 μs | 0 active blocks
2025-12-04 21:00:04 [INFO] [Cleanup] Periodic cleanup completed
2025-12-04 21:00:04 [INFO] [Monitor] Stats: 0 pkts (0.0 pps) | 0 threats (0.00/min) | Latency: 0.00 μs | 0 active blocks
2025-12-04 21:00:34 [INFO] [Monitor] Stats: 0 pkts (0.0 pps) | 0 threats (0.00/min) | Latency: 0.00 μs | 0 active blocks
2025-12-04 21:00:44 [INFO] [GridWatcher] Stopping Grid-Watcher...
2025-12-05 08:49:09 [INFO] [GridWatcher] Grid-Watcher initialized successfully
2025-12-05 08:49:09 [INFO] [GridWatcher] Grid-Watcher started - Monitoring SCADA network
2025-12-05 08:49:09 [INFO] [GridWatcher] Stopping Grid-Watcher...
2025-12-05 08:50:52 [INFO] [GridWatcher] Grid-Watcher initialized successfully
2025-12-05 08:50:52 [INFO] [GridWatcher] Grid-Watcher started - Monitoring SCADA network
2025-12-05 08:50:52 [INFO] [GridWatcher] Stopping Grid-Watcher...
2025-12-05 13:22:17 [INFO] [GridWatcher] Grid-Watcher initialized successfully
2025-12-05 13:22:17 [INFO] [GridWatcher] Grid-Watcher started - Monitoring SCADA network
2025-12-05 13:22:17 [INFO] [GridWatcher] Stopping Grid-Watcher...
2025-12-05 13:26:06 [INFO] [GridWatcher] Grid-Watcher initialized successfully
2025-12-05 13:26:06 [INFO] [GridWatcher] Grid-Watcher started - Monitoring SCADA network
2025-12-05 13:26:06 [INFO] [GridWatcher] Stopping Grid-Watcher...
2025-12-05 13:53:26 [INFO] [GridWatcher] Grid-Watcher initialized successfully
2025-12-05 13:53:26 [INFO] [GridWatcher] Grid-Watcher started - Monitoring SCADA network
2025-12-05 13:53:26 [INFO] [GridWatcher] Stopping Grid-Watcher...
2025-12-05 13:56:22 [INFO] [GridWatcher] Grid-Watcher initialized successfully
2025-12-05 13:56:22 [INFO] [GridWatcher] Grid-Watcher started - Monitoring SCADA network
2025-12-05 13:56:52 [INFO] [Monitor] Stats: 0 pkts (0.0 pps) | 0 threats (0.00/min) | Latency: 0.00 μs | 0 active blocks
2025-12-05 13:57:22 [INFO] [Cleanup] Periodic cleanup completed
2025-12-05 13:57:22 [INFO] [Monitor] Stats: 0 pkts (0.0 pps) | 0 threats (0.00/min) | Latency: 0.00 μs | 0 active blocks
2025-12-05 13:57:52 [INFO] [Monitor] Stats: 0 pkts (0.0 pps) | 0 threats (0.00/min) | Latency: 0.00 μs | 0 active blocks
2025-12-05 13:58:22 [INFO] [Cleanup] Periodic cleanup completed
2025-12-05 13:58:22 [INFO] [Monitor] Stats: 0 pkts (0.0 pps) | 0 threats (0.00/min) | Latency: 0.00 μs | 0 active blocks
2025-12-05 13:58:52 [INFO] [Monitor] Stats: 0 pkts (0.0 pps) | 0 threats (0.00/min) | Latency: 0.00 μs | 0 active blocks
2025-12-05 13:59:22 [INFO] [Cleanup] Periodic cleanup completed
2025-12-05 13:59:22 [INFO] [Monitor] Stats: 0 pkts (0.0 pps) | 0 threats (0.00/min) | Latency: 0.00 μs | 0 active blocks
2025-12-05 13:59:52 [INFO] [Monitor] Stats: 0 pkts (0.0 pps) | 0 threats (0.00/min) | Latency: 0.00 μs | 0 active blocks
2025-12-05 14:00:22 [INFO] [Cleanup] Periodic cleanup completed
2025-12-05 14:00:22 [INFO] [Monitor] Stats: 0 pkts (0.0 pps) | 0 threats (0.00/min) | Latency: 0.00 μs | 0 active blocks
2025-12-05 14:00:52 [INFO] [Monitor] Stats: 0 pkts (0.0 pps) | 0 threats (0.00/min) | Latency: 0.00 μs | 0 active blocks
2025-12-05 14:01:21 [INFO] [GridWatcher] Stopping Grid-Watcher...
